18:02:51:287 [ALWAYS]	GUDE Logging Started
18:02:51:287 [INFO]	SqliteResumeCache::SqliteResumeCache basedirectory is null/empty
18:02:51:287 [ERROR]	SqliteResumeCache::CreateSqliteResumeCache creating resume cache pointer failure
18:02:51:287 [ERROR]	Initialize resume cache pointer failure
18:02:51:287 [INFO]	gude policy POLICY_USER limit (2,2,1) chunk 2097152, chunking (UL 0 DL 1), resXfer 1, adapt 0, NSURL 0, timeout 86400 
18:02:51:287 [INFO]	Initialized -- gude-lib version: v0.12.1 app: gude
18:02:56:620 [WARN]	Ignoring attempt to reinit logging to \gude at level 4 retaining 3 days of logs
18:02:56:625 [INFO]	SqliteResumeCache::SqliteResumeCache basedirectory is null/empty
18:02:56:625 [ERROR]	SqliteResumeCache::CreateSqliteResumeCache creating resume cache pointer failure
18:02:56:625 [ERROR]	Initialize resume cache pointer failure
18:02:56:625 [INFO]	gude policy POLICY_USER limit (4,4,1) chunk 2097152, chunking (UL 0 DL 1), resXfer 1, adapt 0, NSURL 1, timeout 86400 
18:02:56:625 [INFO]	Initialized -- gude-lib version: v0.12.1 app: gude
19:04:19:323 [ALWAYS]	GUDE Logging Started
19:04:19:323 [INFO]	SqliteResumeCache::SqliteResumeCache basedirectory is null/empty
19:04:19:323 [ERROR]	SqliteResumeCache::CreateSqliteResumeCache creating resume cache pointer failure
19:04:19:323 [ERROR]	Initialize resume cache pointer failure
19:04:19:323 [INFO]	gude policy POLICY_USER limit (2,2,1) chunk 2097152, chunking (UL 0 DL 1), resXfer 1, adapt 0, NSURL 0, timeout 86400 
19:04:19:323 [INFO]	Initialized -- gude-lib version: v0.12.1 app: gude
19:04:24:299 [WARN]	Ignoring attempt to reinit logging to \gude at level 4 retaining 3 days of logs
19:04:24:299 [INFO]	SqliteResumeCache::SqliteResumeCache basedirectory is null/empty
19:04:24:299 [ERROR]	SqliteResumeCache::CreateSqliteResumeCache creating resume cache pointer failure
19:04:24:299 [ERROR]	Initialize resume cache pointer failure
19:04:24:299 [INFO]	gude policy POLICY_USER limit (4,4,1) chunk 2097152, chunking (UL 0 DL 1), resXfer 1, adapt 0, NSURL 1, timeout 86400 
19:04:24:299 [INFO]	Initialized -- gude-lib version: v0.12.1 app: gude
